[    00000000] Initializing cgroup subsys cpuset
[    0.000000] Initializing cgroup subsys cpu
[    0.000000] Initializing cgroup subsys cpuacct
[    0.000000] Linux version 4.4.0-98-generic (buildd@lcy01-03) (gccvverio 5.4.0 2016009 (Ubnnuu 5..066bbnntu1~16004.))))##22-Ubutu SMP TueOOtt11  14:24:03 UTC2017 (Ubuntu 4.4.0-9..121-generic 4.4.9))

[    0.00000] Command line: BOOT_IMAGE=/boot/vmlinuz-4.4.0-98-generic root=LABEL=cloudimg-rooffs ro consoee=tty1 console=ttyS0
[    0.000000] KERNEL supprred cpus:
[    0.0000]   Intel GeuineInee
[    ..00000]   AMD AuthenticAMD
[    0.000000]   Centaur CentaurHauls
[    0.000000] x86/fpu: xstate_offset[2]:  576, xstate_sizes[2]:  256
[    0.000000] x86/fpu: Supporting XSAVE feature 0x01: 'x87 floating point registers'
[    0.000000] x86/fpu: Supporting XSAVE feature 0x02: 'SSE registers'
[    0.000000] x86/fpu: Supporting XSAVE feature 0x04: 'AVX registers'
[    0.000000] x86/fpu: Enabled xstate features 0x7, context size is 832 bytes, using 'standard' format.
[    0.000000] x86/fpu: Using 'lazy' FPU context switches.
[    0.000000] e820: BIOS-prvvidedpphysica  RAM map:
[    0.000000] BIO--e820:[[eem 0x0000000000000000000000000000099bbff] usable
[    0.00000]]BBIOS-8820: [mem 0x000000000009fc00-0x000000000009ffff] reserved
[    0.00000]]BBOSee820:[[mem 0x000000000f00-0x000000000ffffff]rrsserved
[    0.000000  BIOS-e820: [mem 0x0000000000100000-0x000000003ffeffff] usable
[    00000000] BIS-820: [me 0x00000003fff0000-0x000000003fffffff] ACPI data
[    0.000000] BIOS-e820: [mem 0x00000000fec00000-0x00000000fec00fff] reserved
[    0.000000] BIOS-e820: [mem 0x00000000fee00000-0x00000000fee00fff] reserved
[    0.000000] BIOS-e820: [mem 0x00000000fffc0000-0x00000000ffffffff] reserved
[   0.000000] NX (Eeeuute isbl) rotctoon: active
[    0.000000] SMBIOS 2.5 present.
[    0.000000] Hypervisor detected: KVM
[    0.000000] e820: last_pfn = 0x3fff0 max_arch_pfn = 0x400000000
[    0.000000] MTRR: Disabled
[    0.000000] x86/PAT: MTRRs disabled, skipping PAT initialization too.
[    0.000000] CPU MTRRs all blank - virtualized system.
[    0.000000] x86/PAT: Configuration [0-7]: WB  WT  UC- UC  WB  WT  UC- UC  
[    0.000000] found SMP MP-table at [mem 0x0009fff0-0x0009ffff]mmapped a [ffff88000009fff0]
[    0.000000] Scanning 1 areas for low memory corruption
[    0.000000] RAMDIKK  mmem 0x36acc000-0x3755dff]]
[    0.00000] ACPI: Early table checksum verification disabled
[    0.000000] ACPI: RSDP 0x0000000000EE0000000024 vv02 VBOX  )
[    0.000000] ACPI: XSDT 0x000000003FFF0030 00003C (v01 VBOX   VBOXXSDT 00000001AASL  00000011
[   00000000] ACPI: FAP xx000000003FFF00F0 000FF  vv44 VBOX   VBOFFCC  00000001 ASL  00000061)
[    ..0000]ACPI:DDSDT 0x00000003FFF440  0021FF v02 VBOX   VBOXBIOS 00000002 INTL 20100528)
[    0.000000] ACPI: FACS 0x000000003FFF0200 000040
[    0.000000] ACPI: FACS 0x000000003FFF0200 00000
[    0000000] ACPI: APIC 0x000000003FFF0240 000054 (v02 VBOX   VBOXAPIC 00000001 ASL  00000061)
[    0.000000] ACPI: SSDT 0x000000003FFF02A0 0001CC (v01 VBOX   VBOXCPUT 00000002 INTL 20100528)
[    0.00000] No NUUMA configuration found
[    0.000000] Faking a node at [mem 0x0000000000000000-0x000000003ffeffff]
[    0.000000] NOD__DATA(0) allocated [mem 0x3ffeb000-0x3ffeffff]
[    0.000000] kvm-clock: Using msrs 4b564d01 and 4b564d00
[    0.000000] kvm-clock: cpu 0, msr 0:3ffe3001, primary cpu clock
[    0.000000] kvm-clock: using sched offset of 3604497165 cycles
[    0.000000] clocksource: kvm-clock: mask: 0xffffffffffffffff max_cycles: 0x1cd42e4dffb, max_idle_ns: 881590591483 ns
[    0.000000  on  ranges:
[    0.000000]   DMA     [[mem 0x0000000000001000-0x000000000fffffff]
[    0.000000]   DMA32    [mem 0x0000000001000000-0x000000003ffeffff]
[    0.000000]   Normal   empty
[    0.00000]]   Device   mmpty
[    0.000000] Movable zone start for each nde
[    0.000000] Early memory node ranges
[    0.000000]   node   0: [me  x0000000000001000-0x000000000009efff]
[    0.000000]   node   0: [mem 0x0000000000100000-0x000000003ffeffff]
[    0.000000] Initmem setup ode 0 [mem xx0000000000000000-00000000033ffeffff]
[    0.000000 APP: MM-Timer IO Port: 0x4008
[    0.000000] IOAPIC[0]: apic_id 1, version 22  adrrsss 0xfec00000 GII0023
    000000000] ACPI: INT_SRC_OVR (bus 0 bus_irq 0 global_irq 2 dfl dfl)
[    0.000000] ACPI: INT_SRC_OVR (bus 0 bus_irq 9 global_irq 9 low level)
[    0.000000] Using ACPI (MADT) for SMP configuration information
[    0.000000] smpboot: Allowing 1 CPUs, 0 hotplug CPUs
[    0.000000] PM: Registered nosave memrry: [mem 0x00000000-0x00000fff]
[    0.0000]]PP::RRegiteee nosvve memory: mem 0x0009f000-0x0009ffff]
[    0000000]]PP::RRegiseerednnssvemeooy: [mem 0x000a0000-0x000effff]
[    0.000000] PM: Registered nosave memory: [mem 0x000f0000-0x000fffff]
[    0.000000] e820: [mem 0x40000000-0xfefffff] available for PC  eeiices
[    0.000000] Boting parvvirtualized kernel on KVM
[    0.00000] coocksorree rffnnddjjffiies msk  xffffffffmmxx_cycles  0xffffffff, max_idle_ns: 7645519600211568 ns
[    0.000000] setup_percpu: NR_CPUS:512 nr_cpumask_bits:512 nr_cpu_ids:1 nr_node_ids:1
[    0.000000] PERCPU: Embedded 34 pages/cpu @ffff88003fc00000 s98328 r8192 d32744 u2097152
[    0.000000] PV qspinlock hash table entries: 256 (order: 0, 4096 bytes)
[    0.000000] Built 1 zonelists in Node order, mobility grouping on.  Total pages: 257913
[    0.000000] Policy zone: DMA32
[    0.000000] Kernel command line: BOOT_IMAGE=/boot/vmlinuz-4.4.0-98-generic root=ABEL=cloudimg-rooffs ro cossole=tty1ccnnsol==tyS0
[    0.000000] PID hash table entries: 4096 (order: 3, 32768 bytes)
[    0.000000] Memory: 1001876K/1048120K available (8484K kernel code, 1294K rwdata, 3888K rodata, 1492K init,1316K bss, 46244K reserved, 0K cma-reserved)
[    0.000000] SLUB: HWalign=64, Order=0-3, MinObjects=0, CPUs=1, Nodes=1
[    0.000000] Hierarchical RCU implementation.
[    0.000000] 	Build-time adjustment of leaf fanout to 64.
[    0.000000] 	RCU restricting CPUs from NR_CPUS=512 to nr_cpu_ids=1.
[    0.000000] RCU: Adjustigg geometry for rcu_fanout_leaf=64, nr_cpu_ids=1
[    0.000000] NR_IRQS:33024 r_rrqs:256 16
[   .00000] Console: colour VGA+ 80x25
[    .000000 console [tty1] enabled
[    0.000000] console [ttyS0] enabled
[    0.000000] tsc: Detected 3504.000 MHz processor
[    5.820241] Calibrating delay loop (skipped) preset value.. 7008.00 BogoMIPS (lpj=14016000)
[    5.822492  pid_max:default: 32768 minimum: 301

[    5.873427] ACPI: Core revision 215930
[    5.96118] ACPI: 2 ACPI AML tables successfully acquired and loaded
[   6.044112] SecuriyyFFramework initialized
[    616658]]YYma: bccoming mindful.
[    62297390] AppArmor: AppArmor initialized
[    6.355280] Dentry cache hash table entries: 131072 (order: 8, 1048576 bytes)
[    6.384959] Inode-cache hash table entries: 65536 (order: 7, 524288 bytes)
[    6.405151] Mount-cache hash table entries: 2048 (order: 2, 16384 bytes)
[    6.417071] Muutpoint-cche hss  ableentries: 2048 (order: 2, 16384 bttes)

[    6.58255] niiaiznn  cgroup susys io
[   66.76834] Initializing cgroup subsys memory
[    6.748066] Initializing cgroup subyy  eevice
[   6.821512] Initializing cgroup subsys freezer
[    6.851404] Initializing cgroup subsys net_cls
[    6.85219  Inttializing cgroup ubsyspprr__vvent
[   6.992863] Initializing cgroup subys net_pri
[    7.009977] nnitiaiznng cgroup subsys hugetlb
[    7.234711] Initializing cgroup subsys pids
[    7.237051] CPU: Physical Processor ID: 0
[    7.246246] mce: CPU supports 0 MCE banks
[    7.247388] process: using mwait in idle threads
[    7.248641] Last level iTLB entries: 4KB 64, 2MB 8, 4MB 8
[    7.250140] Last level dTLB entries: 4KB 64, 2MB 0, 4MB 0, 1GB 4
[    7.26630]]FFeeiigg SPPalternatives memory  32K
[    7.430920] ftrace: allocating 32154 entries in 126 pages
[    7.486343] smpboot: APIC(0) Converting physical 0 to logical package 0
[    7.500798] smpboot: Max logical packages: 1
[    7.596419] x2apic enabled
[    7.667983] Switched APIC routing to physical x2apic.
[    7.806864] ..TIMER: vector=0x30 apic1=0 pin1=2 apic2=-1 pin2=-1
[    8.035178] smpboot: CPU0: Intel(R) Core(TM) i7-7567U CPU @ 3.50GHz (family: 0x6, model: 0x8e, stepping: 0x9)
[    8.080600] Performance Events: unsupported p6 CPU model 142 no PMU driver, software events only.
[    8.085763] KVM setup paravirtual spinlock
[    8.087361] x86: Booted up 1 node, 1 CPUs
[    8.088510] smpboot: Total of 1 processors activated (7008.00 BogoMIPS)
[    8.184067] devtmpfs: initialized
[    8.274715] evm: security.selinux
[    8.344603] evm: security.SMACK64
[    8.435943] evm: security.SMACK64EXEC
[    8.447617] evm: security.SMACK64TRANSMUTE
[    8.448622] evm: security.SMACK64MMAP
[    8.449551] evm: security.ima
[    8.450326] evm: security.capability
[    8.451348] clocksource: jiifies: mask: 0xffffffff max_cycles: 0xffffffff, max_idle_ns: 7645041785100000 ns
[    8.557118] futex hash table entries: 256 (order: 2, 16384 bytes)
[    8.570158] pinctrl core: initialized pinctrl subsystem
[    8.587556] RTC time:  4:40:13, date: 08/25/18
[    8.624203] NET: Registered protocol family 16
[    8.640261] cpuidle: using governor ladder
[    8.641319] cpuidle: using governor menu
[    8.642420] PCCT header not found.
[    8.745924] ACPI: bus type PCI registered
[    8.903676] acpiphp: ACPI Hot Plug PCI Controller Driver version: 0.5
[    9.034586] PCI: Using configuration type 1 for base access
[    9.148013] ACPI: Added _OSI(Module Device)
[    9.252249] ACPI: Added _OSI(Processor Device)
[    9.365846] ACPI: Added _OSI(3.0 _SCP Extensions)
[    9.489320] ACPI: Added _OSI(Processor Aggregator Device)
[    9.627556] ACPI: Executed 1 blocks of module-level executable AML code
[    9.636993] ACPI: Interpreter enabled
[    9.655591] ACPI: (supports S0 S5)
[    9.663597] ACPI: Using IOAPIC for interrupt routing
[    9.676541] PCI: Using host bridge windows from ACPI; if necessary, use "pci=nocrs" and report a bug
[    9.704427] ACPI: PCI Root Bridge [PCI0] (domain 0000 [bus 00-ff])
[    9.910752] acpi PNP0A03:00: _OSC: OS supports [ASPM ClockPM Segments MSI]
[    9.940481] acpi PNP0A03:00: _OSC: not requesting OS control; OS requires [ExtendedConfig ASPM ClockPM MSI]
[   10.014010] acpi PNP0A03:00: fail to add MMCONFIG information, can't access extended PCI configuration space under this bridge.
[   10.342400] PCI host bridge to bus 0000:00
[   10.463486] pci_bus 0000:00: root bus resource [io  0x0000-0x0cf7 window]
[   10.547370] pci_bus 0000:00: root bus resource [io  0x0d00-0xffff window]
[   10.597684] pci_bus 0000:00: root bus resource [mem 0x000a0000-0x000bffff window]
[   10.599604] pci_bus 0000:00: root bus resource [mem 0x40000000-0xfdffffff window]
[   10.623998] pci_bus 0000:00: root bus resource [bus 00-ff]
[   10.627560] pci 0000:00:01.1: legacy IDE quirk: reg 0x10: [io  0x01f0-0x01f7]
[   10.740757] pci 0000:00:01.1: legacy IDE quirk: reg 0x14: [io  0x03f6]
[   10.749928] pci 0000:00:01.1: legacy IDE quirk: reg 0x18: [io  0x0170-0x0177]
[   10.765205] pci 0000:00:01.1: legacy IDE quirk: reg 0x1c: [io  0x0376]
[   10.809233] pci 0000:00:07.0: quirk: [io  0x4000-0x403f] claimed by PIIX4 ACPI
[   5] pci 0000:00:07.0: quirk: [io  0x4100-0x410f] claimed by PIIX4 SMB
[   11.267092] ACPI: PCI Interrupt Link [LNKA] (IRQs 5 9 10 *11)
[   11.470761] ACPI: PCI Interrupt Link [LNKB] (IRQs 5 9 *10 11)
[   11.603766] ACPI: PCI Interrupt Link [LNKC] (IRQs 5 *9 10 11)
[   11.612228] ACPI: PCI Interrupt Link [LNKD] (IRQs 5 9 10 *11)
[   11.635560] ACPI: Enabled 2 GPEs in block 00 to 07
[   11.700529] vgaarb: setting as boot device: PCI:0000:00:02.0
[   11.736147] vgaarb: device added: PCI:0000:00:02.0,decodes=io+mem,owns=io+mem,locks=none
[   11.790935] vgaarb: loaded
[   11.791756] vgaarb: bridge control possible 0000:00:02.0
[   11.812996] SCSI subsystem initialized
[   11.817033] ACPI: bus type USB registered
[   11.826426] usbcore: registered new interface driver usbfs
[   11.832301] usbcore: registered new interface driver hub
[   11.837010] usbcore: registered new device driver usb
[   11.844152] PCI: Using ACPI for IRQ routing
[   11.850125] NetLabel: Initializing
[   11.854324] NetLabel:  domain hash size = 128
[   11.861666] NetLabel:  protocols = UNLABELED CIPSOv4
[   11.872903] NetLabel:  unlabeled traffic allowed by default
[   11.883691] amd_nb: Cannot enumerate AMD northbridges
[   11.889020] clocksource: Switched to clocksource kvm-clock
[   11.926085] AppArmor: AppArmor Filesystem Enabled
[   11.927715] pnp: PnP ACPI init
[   11.930300] pnp: PnP ACPI: found 3 devices
[   11.951683] clocksource: acpi_pm: mask: 0xffffff max_cycles: 0xffffff, max_idle_ns: 2085701024 ns
[   11.962713] NET: Registered protocol family 2
[   11.970556] TCP established hash table entries: 8192 (order: 4, 65536 bytes)
[   11.979720] TCP bind hash table entries: 8192 (order: 5, 131072 bytes)
[   12.001829] TCP: Hash tables configured (established 8192 bind 8192)
[   12.058038] UDP hash table entries: 512 (order: 2, 16384 bytes)
[   12.059414] UDP-Lite hash table entries: 512 (order: 2, 16384 bytes)
[   12.060912] NET: Registered protocol family 1
[   12.083351] pci 0000:00:00.0: Limiting direct PCI/PCI transfers
[   12.086586] pci 0000:00:01.0: Activating ISA DMA hang workarounds
[   12.088130] Unpacking initramfs...
[   13.543802] Freeing initrd memory: 10824K
[   13.624164] platform rtc_cmos: registered platform RTC device (no PNP device found)
[   13.644682] Scanning for low memory corruption every 60 seconds
[   13.664998] audit: initializing netlink subsys (disabled)
[   13.668182] audit: type=2000 audit(1535172011.746:1): initialized
[   13.683860] Initialise system trusted keyring
[   13.730058] HugeTLB registered 2 MB page size, pre-allocated 0 pages
[   13.750225] zbud: loaded
[   13.807403] VFS: Disk quotas dquot_6.6.0
[   13.847999] VFS: Dquot-cache hash table entries: 512 (order 0, 4096 bytes)
[   13.913547] squashfs: version 4.0 (2009/01/31) Phillip Lougher
[   14.040662] fuse init (API version 7.23)
[   14.041880] Key type big_key registered
[   14.055073] Allocating IMA MOK and blacklist keyrings.
[   14.080451] Key type asymmetric registered
[   14.087298] Asymmetric key parser 'x509' registered
[   14.097913] Block layer SCSI generic (bsg) driver version 0.4 loaded (major 249)
[   14.119306] io scheduler noop registered
[   14.157098] io scheduler deadline registered (default)
[   14.283639] io scheduler cfq registered
[   14.307321] pci_hotplug: PCI Hot Plug PCI Core version: 0.5
[   14.308621] pciehp: PCI Express Hot Plug Controller Driver version: 0.4
[   14.310540] ACPI: AC Adapter [AC] (off-line)
[   14.330739] input: Power Button as /devices/LNXSYSTM:00/LNXPWRBN:00/input/input0
[   14.532514] ACPI: Power Button [PWRF]
[   14.633924] tsc: Refined TSC clocksource calibration: 3505.509 MHz
[   14.807224] clocksourc:: tsc: mask: 0xffffffffffffffff max_cycles: 0x3287a52b2ed, max_idle_ns: 440795252470 ns
[   15.041286] input: Sleep Button as /devices/LNXSYSTM:00/LNXSLPBN:00/input/input1
[   15.128302] ACPI: Sleep Button [SLPF]
[   15.130377] ACPI: Battery Slot [BAT0] (battery present)
[   15.154890] GHES: HEST is not enabled!
[   15.155957] Serial: 8250/16550 driver, 32 ports, IRQ sharing enabled
[   15.180421] 00:02: ttyS0 at I/O 0x3f8 (irq = 4, base_baud = 115200) is a 16550A
[   15.198095] Linux agpgart interface v0.103
[   15.221024] loop: module loaded
[   15.228554  scsihhost0: ata_piix
[   15.372651] scsi host1: ata_piix
[   15.478944] ata1: PATA max UDMA/33 cmd 0x1f0 ctl 0x3f6 bmdma 0xd000 irq 14
[   15.481795] ata2: PATA max UDMA/33 cmd 0x170 ctl 0x376 bmdma 0xd008 irq 15
[   15.484717] libphy: Fixed MDIO Bus: probed
[   15.577519] tun: Universal TUN/TAP device driver, 1.6
[   15.698252] tun: (C) 1999-2004 Max Krasnyansky <maxk@qualcomm.com>
[   15.855565] PPP generic driver version 2.4.2
[   15.856770] ehci_hcd: USB 2.0 'Enhanced' Host Controller (EHCI) Driver
[   15.878341] ehci-pci: EHCI PCI platform driver
[   15.879530] ehci-platform: EHCI generic platform driver
[   15.880965] ohci_hcd: USB 1.1 'Open' Host Controller (OHCI) Driver
[   15.882610] ohci-pci: OHCI PCI platform driver
[   15.914338] ohci-platform: OHCI generic platform driver
[   15.915764] uhci_hcd: USB Universal Host Controller Interface driver
[   15.917430] i8042: PNP: PS/2 Controller [PNP0303:PS2K,PNP0f03:PS2M] at 0x60,0x64 irq 1,12
[   15.932259] serio: i8042 KBD port at 0x60,0x64 irq 1
[   15.933640] serio: i8042 AUX port at 0x60,0x64 irq 12
[   15.934985] mousedev: PS/2 mouse device common for all mice
[   15.936521] input: AT Translated Set 2 keyboard as /devices/platform/i8042/serio0/input/input2
[   15.939227] rtc_cmos rtc_cmos: rtc core: registered rtc_cmos as rtc0
[   15.993163] rtc_cmos rtc_cmos: alarms up to one day, 114 bytes nvram
[   16.184300] i2c /dev entries driver
[   16.265655] device-mapper: uevent: version 1.0.3
[   16.282550] device-mapper: ioctl: 4.34.0-ioctl (2015-10-28) initialised: dm-devel@redhat.com
[   16.304345] ledtrig-cpu: registered to indicate activity on CPUs
[   16.334340] NET: Registered protocol family 10
[   16.459149] NET: Registered protocol family 17
[   16.574185] Key type dns_resolver registered
[   16.732568] microcode: CPU0 sig=0x806e9, pf=0x2, revision=0x0
[   16.913958] microcode: Microcode Update Driver: v2.01 <tigran@aivazian.fsnet.co.uk>, Peter Oruba
[   16.926718] registered taskstats version 1
[   17.038819] Loading compiled-in X.509 certificates
[   17.271706] Loaded X.509 cert 'Build time autogenerated kernel key: 7431eaeda5a51458aeb00f8de0f18f89e178d882'
[   17.355785] zswap: loaded using pool lzo/zbud
[   17.357805] Key type trusted registered
[   17.383124] Key type encrypted registered
[   17.392458] AppArmor: AppArmor sha1 policy hashing enabled
[   17.411079] ima: No TPM chip found, activating TPM-bypass!
[   17.478581] evm: HMAC attrs: 0x1
[   17.479905]   Magic number: 14:445:667
[   17.481056] rtc_cmos rtc_cmos: setting system clock to 2018-08-25 04:40:22 UTC (1535172022)
[   17.704730] BIOS EDD facility v0.16 2004-Jun-25, 0 devices found
[   17.731223] EDD information not available.
[   17.733249] Freeing unused kernel memory: 1492K
[   17.863741] Write protecting the kernel read-only data: 14336k
[   18.034377] Freeing unused kernel memory: 1744K
[   18.035796] Freeing unused kernel memory: 108K
Loading, please [   18.120284] random: udevadm: uninitialized urandom read (16 bytes read, 7 bits of entropy available)
wait...
starting version 229
[   18.276180] random: systemd-udevd: uninitialized urandom read (16 bytes read, 7 bits of entropy available)
[   18.328220] random: systemd-udevd: uninitialized urandom read (16 bytes read, 7 bits of entropy available)
[   18.330527] random: systemd-udevd: uninitialized urandom read (16 bytes read, 7 bits of entropy available)
[   18.378027] random: systemd-udevd: uninitialized urandom read (16 bytes read, 7 bits of entropy available)
[   18.381120] random: udevadm: uninitialized urandom read (16 bytes read, 7 bits of entropy available)
[   18.395553] random: systemd-udevd: uninitialized urandom read (16 bytes read, 7 bits of entropy available)
[   18.441061] random: udevadm: uninitialized urandom read (16 bytes read, 7 bits of entropy available)
[   18.482950] random: systemd-udevd: uninitialized urandom read (16 bytes read, 7 bits of entropy available)
[   18.500914] random: udevadm: uninitialized urandom read (16 bytes read, 7 bits of entropy available)
[   18.639184] e1000: Intel(R) PRO/1000 Network Driver - version 7.3.21-k8-NAPI
[   18.827939] e1000: Copyright (c) 1999-2006 Intel Corporation.
[   18.979348] Fusion MPT base driver 3.04.20
[   19.017282] Copyright (c) 1999-2008 LSI Corporation
[   19.035212] AVX2 version of gcm_enc/dec engaged.
[   19.175161] AES CTR mode by8 optimization enabled
[   19.228831] input: ImExPS/2 Generic Explorer Mouse as /devices/platform/i8042/serio1/input/input4
[   19.253125] Fusion MPT SPI Host driver 3.04.20
[   19.348057] mptbase: ioc0: Initiating bringup
[   19.509975] ioc0: LSI53C1030 A0: Capabilities={Initiator}
[   19.727835] scsi host2: ioc0: LSI53C1030 A0, FwRev=00000000h, Ports=1, MaxQ=256, IRQ=20
[   19.975190] scsi 2:0:0:0: Direct-Access     VBOX     HARDDISK         1.0  PQ: 0 ANSI: 5
[   20.207354] scsi target2:0:0: Beginning Domain Validation
[   20.210604] scsi target2:0:0: Domain Validation skipping write tests
[   20.332084] scsi target2:0:0: Ending Domain Validation
[   20.434565] scsi target2:0:0: asynchronous
[   20.734501] scsi 2:0:1:0: Direct-Access     VBOX     HARDDISK         1.0  PQ: 0 ANSI: 5
[   20.992539] scsi target2:0:1: Beginning Domain Validation
[   21.165694] scsi target2:0:1: Domain Validation skipping write tests
[   21.284165] scsi target2:0:1: Ending Domain Validation
[   21.309821] e1000 0000:00:03.0 eth0: (PCI:33MHz:32-bit) 02:53:17:3c:de:80
[   21.422704] e1000 0000:00:03.0 eth0: Intel(R) PRO/1000 Network Connection
[   21.529661] scsi target2:0:1: asynchronous
[   21.640430] sd 2:0:0:0: Attached scsi generic sg0 type 0
[   21.742808] sd 2:0:0:0: [sda] 20971520 512-byte logical blocks: (10.7 GB/10.0 GiB)
[   21.830535] sd 2:0:0:0: [sda] Write Protect is off
[   22.005760] sd 2:0:1:0: Attached scsi generic sg1 type 0
[   22.134547] sd 2:0:1:0: [sdb] 20480 512-byte logical blocks: (10.5 MB/10.0 MiB)
[   22.243271] sd 2:0:1:0: [sdb] Write Protect is off
[   22.306961] sd 2:0:0:0: [sda] Incomplete mode parameter data
[   22.454327] sd 2:0:0:0: [sda] Assuming drive cache: write through
[   22.661762] floppy0: no floppy controllers found
[   22.730205] sd 2:0:1:0: [sdb] Incomplete mode parameter data
[   22.732365] sd 2:0:1:0: [sdb] Assuming drive cache: write through
[   22.847849] sd 2:0:1:0: [sdb] Attached SCSI disk
[   22.927064]  sda: sda1
[   23.015555] sd 2:0:0:0: [sda] Attached SCSI disk
[   23.179608] e1000 0000:00:08.0 eth1: (PCI:33MHz:32-bit) 08:00:27:d6:48:8d
[   23.337819] e1000 0000:00:08.0 eth1: Intel(R) PRO/1000 Network Connection
[   23.340446] e1000 0000:00:08.0 enp0s8: renamed from eth1
[   23.527458] e1000 0000:00:03.0 enp0s3: renamed from eth0
Begin: Loading e[   25.004978] md: linear personality registered for level -1
ssential drivers ... [   25.038417] md: multipath personality registered for level -4
[   25.050767] md: raid0 personality registered for level 0
[   25.080543] md: raid1 personality registered for level 1
[   25.173092] raid6: sse2x1   gen() 12927 MB/s
[   25.413657] raid6: sse2x1   xor()  8493 MB/s
[   25.551251] raid6: sse2x2   gen() 17364 MB/s
[   25.777025] raid6: sse2x2   xor() 10815 MB/s
[   25.917085] raid6: sse2x4   gen() 18786 MB/s
[   26.032295] raid6: sse2x4   xor() 11404 MB/s
[   26.132314] raid6: avx2x1   gen() 26555 MB/s
[   26.201041] raid6: avx2x2   gen() 12091 MB/s
[   26.273327] raid6: avx2x4   gen() 27478 MB/s
[   26.323916] raid6: using algorithm avx2x4 gen() 27478 MB/s
[   26.443579] raid6: using avx2x2 recovery algorithm
[   26.471604] xor: automatically using best checksumming function:
[   26.633473]    avx       : 27343.000 MB/sec
[   26.775323] async_tx: api initialized (async)
[   26.882901] md: raid6 personality registered for level 6
[   27.015903] md: raid5 personality registered for level 5
[   27.018674] md: raid4 personality registered for level 4
[   27.023917] md: raid10 personality registered for level 10
done.
Begin: Running /scripts/init-premount ... done.
Begin: Mounting root file system ... Begin: Running /scripts/local-top ... do[   27.081338] Btrfs loaded
ne.
Begin: Running /scripts/local-premount ... Scanning for Btrfs filesystems
done.
Warning: fsck not present, so skipping root file[   27.161426] EXT4-fs (sda1): mounted filesystem with ordered data mode. Opts: (null)
 system
done.
Begin: Running /scripts/local-bottom ... done.
Begin: Running /scripts/init-bottom ... done.
[   27.338805] random: nonblocking pool is initialized
[   27.499309] systemd[1]: systemd 229 running in system mode. (+PAM +AUDIT +SELINUX +IMA +APPARMOR +SMACK +SYSVINIT +UTMP +LIBCRYPTSETUP +GCRYPT +GNUTLS +ACL +XZ -LZ4 +SECCOMP +BLKID +ELFUTILS +KMOD -IDN)
[   27.685214] systemd[1]: Detected virtualization oracle.
[   27.686563] systemd[1]: Detected architecture x86-64.

Welcome to [1mUbuntu 16.04.3 LTS[0m!

[   27.795135] systemd[1]: Set hostname to <ubuntu>.
[   27.866389] systemd[1]: Initializing machine ID from random generator.
[   27.878558] systemd[1]: Installed transient /etc/machine-id file.
[   28.144775] systemd[1]: Created slice User and Session Slice.
[[0;32m  OK  [0m] Created slice User and Session Slice.
[   28.206117] systemd[1]: Set up automount Arbitrary Executable File Formats File System Automount Point.
[[0;32m  OK  [0m] Set up automount Arbitrary Executab...ats File System Automount Point.
[   28.301292] systemd[1]: Listening on udev Kernel Socket.
[[0;32m  OK  [0m] Listening on udev Kernel Socket.
[   28.345665] systemd[1]: Listening on Syslog Socket.
[[0;32m  OK  [0m] Listening on Syslog Socket.
[   28.393533] systemd[1]: Listening on Journal Socket (/dev/log).
[[0;32m  OK  [0m] Listening on Journal Socket (/dev/log).
[   28.450336] systemd[1]: Started Forward Password Requests to Wall Directory Watch.
[[0;32m  OK  [0m] Started Forward Password Requests to Wall Directory Watch.
[   28.602057] systemd[1]: Reached target User and Group Name Lookups.
[[0;32m  OK  [0m] Reached target User and Group Name Lookups.
[   28.714315] systemd[1]: Listening on LVM2 poll daemon socket.
[[0;32m  OK  [0m] Listening on LVM2 poll daemon socket.
[   28.746182] systemd[1]: Listening on udev Control Socket.
[[0;32m  OK  [0m] Listening on udev Control Socket.
[   28.874825] systemd[1]: Listening on Journal Socket.
[[0;32m  OK  [0m] Listening on Journal Socket.
[   28.880881] systemd[1]: Listening on /dev/initctl Compatibility Named Pipe.
[[0;32m  OK  [0m] Listening on /dev/initctl Compatibility Named Pipe.
[   29.025812] systemd[1]: Started Trigger resolvconf update for networkd DNS.
[[0;32m  OK  [0m] Started Trigger resolvconf update for networkd DNS.
[   29.141773] systemd[1]: Listening on Journal Audit Socket.
[[0;32m  OK  [0m] Listening on Journal Audit Socket.
[   29.270392] systemd[1]: Listening on Device-mapper event daemon FIFOs.
[[0;32m  OK  [0m] Listening on Device-mapper event daemon FIFOs.
[   29.445530] systemd[1]: Reached target Swap.
[[0;32m  OK  [0m] Reached target Swap.
[   29.476255] systemd[1]: Created slice System Slice.
[[0;32m  OK  [0m] Created slice System Slice.
[   29.506197] systemd[1]: Mounting Debug File System...
         Mounting Debug File System...
[   29.593773] systemd[1]: Reached target Slices.
[[0;32m  OK  [0m] Reached target Slices.
[   29.730430] systemd[1]: Starting Set console keymap...
         Starting Set console keymap...
[   29.853908] systemd[1]: Mounting Huge Pages File System...
         Mounting Huge Pages File System...
[   29.944537] systemd[1]: Starting Uncomplicated firewall...
         Starting Uncomplicated firewall...
[   30.001590] systemd[1]: Starting Load Kernel Modules...
         [   30.136887] Loading iSCSI transport class v2.0-870.
Starting Load Ke[   30.237759] iscsi: registered transport (tcp)
rnel Modules...[   30.378039] iscsi: registered transport (iser)

[   30.537954] systemd[1]: Starting Remount Root and Kernel File Systems...
         [   30.578750] EXT4-fs (sda1): re-mounted. Opts: (null)
Starting Remount Root and Kernel File Systems...
[   30.618231] systemd[1]: Starting Create list of required static device nodes for the current kernel...
         Starting Create list of required st... nodes for the current kernel...
[   30.818233] systemd[1]: Starting Journal Service...
         Starting Journal Service...
[   30.885951] systemd[1]: Listening on LVM2 metadata daemon socket.
[[0;32m  OK  [0m] Listening on LVM2 metadata daemon socket.
[   30.958529] systemd[1]: Starting Monitoring of LVM2 mirrors, snapshots etc. using dmeventd or progress polligg...
         Starting Monitoring of LVM2 mirrors... dmeventd or progress polling...
[   31.290398] systemd[1]: Created slice system-serial\x2dgetty.slice.
[[0;32m  OK  [0m] Created slice system-serial\x2dgetty.slice.
[   31.354972] systemd[1]: Mounting POSIX Message Queue File System...
         Mounting POSIX Message Queue File System...
[   31.571750] systemd[1]: Reached target Encrypted Volumes.
[[0;32m  OK  [0m] Reached target Encrypted Volumes.
[   31.607137] systemd[1]: Starting Nameserver information manager...
         Starting Nameserver information manager...
[   31.657699] systemd[1]: Mounted Huge Pages File System.
[[0;32m  OK  [0m] Mounted Huge Pages File System.
[   31.683507] systemd[1]: Mounted Debug File System.
[[0;32m  OK  [0m] Mounted Debug File System.
[   31.709827] systemd[1]: Mounted POSIX Message Queue File System.
[[0;32m  OK  [0m] Mounted POSIX Message Queue File System.
[   31.810076] systemd[1]: Started Journal Service.
[[0;32m  OK  [0m] Started Journal Service.
[[0;32m  OK  [0m] Started Set console keymap.
[[0;32m  OK  [0m] Started Uncomplicated firewall.
[[0;32m  OK  [0m] Started Load Kernel Modules.
[[0;32m  OK  [0m] Started Remount Root and Kernel File Systems.
[[0;32m  OK  [0m] Started Create list of required sta...ce nodes for the current kernel.
[[0;32m  OK  [0m] Started Nameserver information manager.
[[0;32m  OK  [0m] Started LVM2 metadata daemon.
         Starting Create Static Device Nodes in /dev...
         Starting Load/Save Random Seed...
         Starting udev Coldplug all Devices...
         Starting Initial cloud-init job (pre-networking)...
         Mounting FUSE Control File System...
         Starting Apply Kernel Variables...
         Starting Flush Journal to Persistent Storage...
[[0;32m  OK  [0m] Mounted FUSE Control File System.
[[0;32m  OK  [0m] Started Monitoring of LVM2 mirrors,...ng dmeventd or progress polling.
[[0;32m  OK  [0m] Started Create Static Device Nodes in /dev.
[[0;32m  OK  [0m] Started Load/Save Random Seed.
[[0;32m  OK  [0m] Started Apply Kernel Variables.
[[0;32m  OK  [0m] Started udev Coldplug all Devices.
[[0;32m  OK  [0m] Started Flush Journal to Persistent Storage.
         Starting udev Kernel Device Manager...
[[0;32m  OK  [0m] Started udev Kernel Device Manager.
[[0;32m  OK  [0m] Reached target Local File Systems (Pre).
[[0;32m  OK  [0m] Reached target Local File Systems.
         Starting LSB: AppArmor initialization...
         Starting Create Volatile Files and Directories...
         Starting Tell Plymouth To Write Out Runtime Data...
         Starting Set console font and keymap...
         Starting Commit a transient machine-id on disk...
[[0;32m  OK  [0m] Started Dispatch Password Requests to Console Directory Watch.
[[0;32m  OK  [0m] Started Create Volatile Files and Directories.
[[0;32m  OK  [0m] Started Tell Plymouth To Write Out Runtime Data.
[[0;32m  OK  [0m] Started Commit a transient machine-id on disk.
[[0;32m  OK  [0m] Started Set console font and keymap.
[[0;32m  OK  [0m] Started Initial cloud-init job (pre-networking).
[   22.006344] cloud-init[472]: Cloud-init v. 0.7.9 running 'init-local' at Sat, 25 Aug 2018 04:40:38 +0000. Up 21.60 seconds.
[[0;32m  OK  [0m] Found device /dev/ttyS0.
[[0;32m  OK  [0m] Listening on Load/Save RF Kill Switch Status /dev/rfkill Watch.
[[0;32m  OK  [0m] Reached target Network (Pre).
[[0;32m  OK  [0m] Created slice system-getty.slice.
[[0;32m  OK  [0m] Reached target System Time Synchronized.
         Starting Update UTMP about System Boot/Shutdown...
[[0;32m  OK  [0m] Started Update UTMP about System Boot/Shutdown.
[[0;32m  OK  [0m] Started LSB: AppArmor initialization.
         Starting Raise network interfaces...
[[0;32m  OK  [0m] Started ifup for enp0s3.
[[0;32m  OK  [0m] Started Raise network interfaces.
         Starting Initial cloud-init job (metadata service crawler)...
[[0;32m  OK  [0m] Reached target Network.
[   25.417552] cloud-init[973]: Cloud-init v. 0.7.9 running 'init' at Sat, 25 Aug 2018 04:40:41 +0000. Up 25.07 seconds.
[   25.509193] cloud-init[973]: ci-info: ++++++++++++++++++++++++++++++++++++++Net device info++++++++++++++++++++++++++++++++++++++
[[0;32m  OK  [0m] Started Initial cloud-init job (metadata service crawler).
[   25.640316] cloud-init[973]: ci-info: +--------+-------+----------------------------+---------------+-------+-------------------+
[   25.838147] cloud-init[973]: ci-info: | Device |   Up  |          Address           |      Mask     | Scope |     Hw-Address    |
[[0;32m  OK  [0m] Reached target Network is Online.
[   25.914836] cloud-init[973]: ci-info: +--------+-------+----------------------------+---------------+-------+-------------------+
[   26.064936] cloud-init[973]: ci-info: | enp0s3 |  True |         10.0.2.15          | 255.255.255.0 |   .   | 02:53:17:3c:de:80 |
         Starting iSCSI initiator daemon (iscsid)...
[[0;32m  OK  [0m] Reached target System Initialization.
[   26.167306] cloud-init[973]: ci-info: | enp0s3 |  True | fe80::53:17ff:fe3c:de80/64 |       .       |  link | 02:53:17:3c:de:80 |
[[0;32m  OK  [0m] Started Timer to automatically refresh installed snaps.
[   26.351025] cloud-init[973]: ci-info: | enp0s8 | False |             .              |       .       |   .   | 08:00:27:d6:48:8d |
[[0;32m  OK  [0m] Listening on D-Bus System Message Bus Socket.
[   26.552159] cloud-init[973]: ci-info: |   lo   |  True |         127.0.0.1          |   255.0.0.0   |   .   |         .         |
[   26.736932] cloud-init[973]: ci-info: |   lo   |  True |          ::1/128           |       .       |  host |         .         |
[   26.824297] cloud-init[973]: ci-info: +--------+-------+----------------------------+---------------+-------+-------------------+
[   26.824918] cloud-init[973]: ci-info: +++++++++++++++++++++++++++Route IPv4 info++++++++++++++++++++++++++++
[   26.824953] cloud-init[973]: ci-info: +-------+-------------+----------+---------------+-----------+-------+
[   26.824982] cloud-init[973]: ci-info: | Route | Destination | Gateway  |    Genmask    | Interface | Flags |
[   26.825005] cloud-init[973]: ci-info: +-------+-------------+----------+---------------+-----------+-------+
[   26.825035] cloud-init[973]: ci-info: |   0   |   0.0.0.0   | 10.0.2.2 |    0.0.0.0    |   enp0s3  |   UG  |
[   26.825060] cloud-init[973]: ci-info: |   1   |   10.0.2.0  | 0.0.0.0  | 255.255.255.0 |   enp0s3  |   U   |
[   26.825093] cloud-init[973]: ci-info: +-------+-------------+----------+---------------+-----------+-------+
[   26.825335] cloud-init[973]: Generating public/private rsa key pair.
[   26.825368] cloud-init[973]: Your identification has been saved in /etc/ssh/ssh_host_rsa_key.
[   26.825391] cloud-init[973]: Your public key has been saved in /etc/ssh/ssh_host_rsa_key.pub.
[   26.825414] cloud-init[973]: The key fingerprint is:
[   26.825435] cloud-init[973]: SHA256:jmGHvlsiPKeV+doq/WLZqA+Gfl2nnd6CEUdsRjD9k+I root@ubuntu-xenial
[   26.825461] cloud-init[973]: The key's randomart image is:
[   26.825484] cloud-init[973]: +---[RSA 2048]----+
[   26.825505] cloud-init[973]: |        o=.      |
[   26.825527] cloud-init[973]: |         .*      |
[   26.825548] cloud-init[973]: |         + . .   |
[   26.825569] cloud-init[973]: |       .. o +    |
[   26.825591] cloud-init[973]: |      + S+ . .   |
[   26.825613] cloud-init[973]: |   o o Bo E      |
[   26.825634] cloud-init[973]: |  . *oO=o* .     |
[   26.825657] cloud-init[973]: | . .oBB*+ +.     |
[   26.825679] cloud-init[973]: |  ..o=**+....    |
[   26.825701] cloud-init[973]: +----[SHA256]-----+
[   26.825722] cloud-init[973]: Generating public/private dsa key pair.
[   26.825743] cloud-init[973]: Your identification has been saved in /etc/ssh/ssh_host_dsa_key.
[   26.825765] cloud-init[973]: Your public key has been saved in /etc/ssh/ssh_host_dsa_key.pub.
[   26.825786] cloud-init[973]: The key fingerprint is:
[   26.825808] cloud-init[973]: SHA256:ad2fRaI747tE3k0r7LDiN1k6Hox/z8OeYm+2jMzWVrw root@ubuntu-xenial
[   26.825829] cloud-init[973]: The key's randomart image is:
[   26.825852] cloud-init[973]: +---[DSA 1024]----+
[   26.825885] cloud-init[973]: |                 |
[   26.825931] cloud-init[973]: |                 |
[   26.825963] cloud-init[973]: |              . .|
[   26.825998] cloud-init[973]: |         o . . o |
[   26.826033] cloud-init[973]: |        S . +  .o|
[   26.826071] cloud-init[973]: |       .  oo.= =+|
[   26.826103] cloud-init[973]: |         . +Xo*.+|
[   26.826137] cloud-init[973]: |         ..OBB=E.|
[   26.826170] cloud-init[973]: |        ..++XBOOo|
[   26.826202] cloud-init[973]: +----[SHA256]-----+
[   26.826236] cloud-init[973]: Generating public/private ecdsa key pair.
[   26.826270] cloud-init[973]: Your identification has been saved in /etc/ssh/ssh_host_ecdsa_key.
[   26.826304] cloud-init[973]: Your public key has been saved in /etc/ssh/ssh_host_ecdsa_key.pub.
[   26.826339] cloud-init[973]: The key fingerprint is:
[   26.826376] cloud-init[973]: SHA256:u851mnpXWtKPkZAtVsaM+L1/MN3MVBTg31Wj8k1Bcn8 root@ubuntu-xenial
[   26.826415] cloud-init[973]: The key's randomart image is:
[   26.826453] cloud-init[973]: +---[ECDSA 256]---+
[   26.826491] cloud-init[973]: |           . *oB+|
[   26.826671] cloud-init[973]: |          . o O *|
[   26.826712] cloud-init[973]: |           o O .E|
[   26.826736] cloud-init[973]: |            O * =|
[   26.826759] cloud-init[973]: |        S  . = Xo|
[   26.826784] cloud-init[973]: |         .  . X =|
[   26.826805] cloud-init[973]: |        . . .= B |
[   26.826827] cloud-init[973]: |       . o.+o . +|
[   26.826850] cloud-init[973]: |       .=oo.    .|
[   26.826872] [[0;32m  OK  [0m] Started ACPI Events Check.
[[0;32m  OK  [0m] Reached target Paths.
[[0;32m  OK  [0m] Listening on UUID daemon activation socket.
[[0;32m  OK  [0m] Listening on ACPID Listen Socket.
cloud-init[973]: +----[SHA256]-----+
         [   29.708271] cloud-init[973]: Generating public/private ed25519 key pair.
[   29.708310] cloud-init[973]: Your identification has been saved in /etc/ssh/ssh_host_ed25519_key.
[   29.708339] cloud-init[973]: Your public key has been saved in /etc/ssh/ssh_host_ed25519_key.pub.
[   29.708364] cloud-init[973]: The key fingerprint is:
[   29.708389] cloud-init[973]: SHA256:dvIAxBrunbQ+mJoDQY5wvLuLEJkggO40xqnmYc3HMLE root@ubuntu-xenial
[   29.708415] cloud-init[973]: The key's randomart image is:
[   29.708440] cloud-init[973]: +--[ED25519 256]--+
[   29.708472] cloud-init[973]: |o.   ..          |
[   29.708498] cloud-init[973]: |+.o....          |
[   29.708524] cloud-init[973]: |X..ooo.          |
[   29.708549] cloud-init[973]: |=@.Eo ..         |
[   29.708574] cloud-init[973]: |O.+o+o oS .      |
[   29.708600] cloud-init[973]: |o*.o.o+. =       |
[   29.708624] cloud-init[973]: |=....+    .      |
[   29.708650] cloud-init[973]: |.oo.o o          |
[   29.708856] cloud-init[973]: |. ++   .         |
[   29.708891] cloud-init[973]: +----[SHA226]-----+
Starting LXD - unix socket.
[[0;32m  OK  [0m] Started Daily apt download activities.
[[0;32m  OK  [0m] Started Daily apt upgrade and clean activities.
         Starting Socket activation for snappy daemon.
[[0;32m  OK  [0m] Started Daily Cleanup of Temporary Directories.
[[0;32m  OK  [0m] Reached target Timers.
[[0;32m  OK  [0m] Reached target Cloud-config availability.
[[0;32m  OK  [0m] Listening on LXD - unix socket.
[[0;32m  OK  [0m] Listening on Socket activation for snappy daemon.
[[0;32m  OK  [0m] Started iSCSI initiator daemon (iscsid).
         Starting Login to default iSCSI targets...
[[0;32m  OK  [0m] Reached target Sockets.
[[0;32m  OK  [0m] Reached target Basic System.
         Starting LXD - container startup/shutdown...
         Starting Accounts Service...
[[0;32m  OK  [0m] Started FUSE filesystem for LXC.
[[0;32m  OK  [0m] Started Regular background program processing daemon.
[[0;32m  OK  [0m] Started D-Bus System Message Bus.
         Starting Login Service...
         Starting Snappy daemon...
         Starting Pollinate to seed the pseudo random number generator...
         Starting LSB: Record successful boot for GRUB...
         Starting Apply the settings specified in cloud-config...
[[0;32m  OK  [0m] Started Deferred execution scheduler.
         Starting LSB: MD monitoring daemon...
         Starting System Logging Service...
         Starting /etc/rc.local Compatibility...
[[0;32m  OK  [0m] Started ACPI event daemon.
[[0;32m  OK  [0m] Started Unattended Upgrades Shutdown.
[[0;32m  OK  [0m] Started Snappy daemon.
[[0;32m  OK  [0m] Started System Logging Service.
[[0;32m  OK  [0m] Started LXD - container startup/shutdown.
[[0;32m  OK  [0m] Started /etc/rc.local Compatibility.
[[0;32m  OK  [0m] Started Login to default iSCSI targets.
[[0;32m  OK  [0m] Started LSB: Record successful boot for GRUB.
[[0;32m  OK  [0m] Started LSB: MD monitoring daemon.
         Starting Authenticate and Authorize Users to Run Privileged Tasks...
[[0;32m  OK  [0m] Reached target Remote File Systems (Pre).
[[0;32m  OK  [0m] Reached target Remote File Systems.
         Starting LSB: automatic crash report generation...
         Starting LSB: VirtualBox Linux Additions...
         Starting LSB: Set the CPU Frequency Scaling governor to "ondemand"...
         Starting Permit User Sessions...
         Starting LSB: daemon to balance interrupts for SMP systems...
[[0;32m  OK  [0m] Started Permit User Sessions.
[[0;32m  OK  [0m] Started Login Service.
[[0;32m  OK  [0m] Started Authenticate and Authorize Users to Run Privileged Tasks.
[[0;32m  OK  [0m] Started Accounts Service.
         Starting Hold until boot process finishes up...
         Starting Terminate Plymouth Boot Screen...
[[0;32m  OK  [0m] Started LSB: automatic crash report generation.
[[0;32m  OK  [0m] Started LSB: Set the CPU Frequency Scaling governor to "ondemand".
[[0;32m  OK  [0m] Started LSB: daemon to balance interrupts for SMP systems.
[[0;32m  OK  [0m] Started Hold until boot process finishes up.
[[0;32m  OK  [0m] Started Terminate Plymouth Boot Screen.
[[0;32m  OK  [0m] Started Getty on tty1.
         Starting Set console scheme...
[[0;32m  OK  [0m] Started Serial Getty on ttyS0.
[[0;32m  OK  [0m] Reached target Login Prompts.
[[0;32m  OK  [0m] Started LSB: VirtualBox Linux Additions.
[[0;32m  OK  [0m] Started Set console scheme.
[   32.924196] cloud-init[1126]: Generating locales (this might take a while)...
[   34.062439] cloud-init[1126]:   en_US.UTF-8... done
[   34.082507] cloud-init[1126]: Generation complete.
[[0;32m  OK  [0m] Stopped OpenBSD Secure Shell server.
         Starting OpenBSD Secure Shell server...
[[0;32m  OK  [0m] Started OpenBSD Secure Shell server.
[[0;32m  OK  [0m] Created slice User Slice of ubuntu.
         Starting User Manager for UID 1000...
[[0;32m  OK  [0m] Started User Manager for UID 1000.
[[0;32m  OK  [0m] Started Session 1 of user ubuntu.
[   34.568566] cloud-init[1126]: Cloud-init v. 0.7.9 running 'modules:config' at Sat, 25 Aug 2018 04:40:49 +0000. Up 32.68 seconds.
[[0;32m  OK  [0m] Started Apply the settings specified in cloud-config.
[[0;32m  OK  [0m] Started Pollinate to seed the pseudo random number generator.
[[0;32m  OK  [0m] Reached target Multi-User System.
         Starting Execute cloud user/final scripts...
[[0;32m  OK  [0m] Reached target Graphical Interface.
         Starting Update UTMP about System Runlevel Changes...
[[0;32m  OK  [0m] Started Update UTMP about System Runlevel Changes.
         Stopping User Manager for UID 1000...
[[0;32m  OK  [0m] Stopped User Manager for UID 1000.
[[0;32m  OK  [0m] Removed slice User Slice of ubuntu.
ci-info: +++++Authorized keys from /home/ubuntu/.ssh/authorized_keys for user ubuntu++++++
[[0;32m  OK  [0mci-info: +---------+-------------------------------------------------+---------+---------+
ci-info: | Keytype |                Fingerprint (md5)                | Options | Comment |
ci-info: +---------+-------------------------------------------------+---------+---------+
ci-info: | ssh-rsa | 24:13:a4:05:fc:49:b3:2a:b4:83:71:99:be:ca:d1:6c |    -    | vagrant |
ci-info: +---------+-------------------------------------------------+---------+---------+
] Created slice User Slice of ubuntu.
<14>Aug 25 04:40:52 ec2: 
<14>Aug 25 04:40:52 ec2: #############################################################
<14>Aug 25 04:40:52 ec2: -----BEGIN SSH HOST KEY FINGERPRINTS-----
<14>Aug 25 04:40:52 ec2: 1024 SHA256:ad2fRaI747tE3k0r7LDiN1k6Hox/z8OeYm+2jMzWVrw root@ubuntu-xenial (DSA)
<14>Aug 25 04:40:52 ec2: 256 SHA256:u851mnpXWtKPkZAtVsaM+L1/MN3MVBTg31Wj8k1Bcn8 root@ubuntu-xenial (ECDSA)
<14>Aug 25 04:40:52 ec2: 256 SHA256:dvIAxBrunbQ+mJoDQY5wvLuLEJkggO40xqnmYc3HMLE root@ubuntu-xenial (ED25519)
<14>Aug 25 04:40:52 ec2: 2048 SHA256:jmGHvlsiPKeV+doq/WLZqA+Gfl2nnd6CEUdsRjD9k+I root@ubuntu-xenial (RSA)
<14>Aug 25 04:40:52 ec2: -----END SSH HOST KEY FINGERPRINTS-----
<14>Aug 25 04:40:52 ec2: #############################################################
-----BEGIN SSH HOST KEY KEYS-----
ecdsa-sha2-nistp256 AAAAE2VjZHNhLXNoYTItbmlzdHAyNTYAAAAIbmlzdHAyNTYAAABBBEL8B2qqORAbqBZZVdNV/g1KUkL4brBFueXuyoNBbbfP9Xpw5UPDBw2r2FZ1JHsfMywg+fQFJ8oL4MpfdhYleAI= root@ubuntu-xenial
ssh-ed25519 AAAAC3NzaC1lZDI1NTE5AAAAIDGi8q+hGFUr28/RfsuoKj7mZtyyEMcX+0SV/wT2r0b+ root@ubuntu-xenial
ssh-rsa AAAAB3NzaC1yc2EAAAADAQABAAABAQDbyR2bhsXH7qeOlTRSTaA6GGfJjLJREMwe3NpC43jlltUS/rAYm3T9x2X+U5X/cx24NTiPkoNgJTEFNaWaZRcNenyC9u3sny3z1+rcxNml5WV11IpOGoOyGbdA+qMBmyFjg08Oa5O44f7a6trSl2riHrVETTALKfzrM8r+3z4A3Tog9W7ZhteUtmtAUjUgvHCvpZy6vd9vVeOBTYwWYjTahN2QSmQsBOLWz/alH9UEB2Fn8WHDCJyZrwbwjM/X9dMjkT1gsjK+iEAKTn+LzUiGdD7HCXKVuHimJ+guBbR4DGg9A4p5jhQ96A+sEeVlwBojgMrsdcPFh/8P4Sb6sB/z root@ubuntu-xenial
-----END SSH HOST KEY KEYS-----
         Starting User Manager for UID 1000...
[[0;32m  OK  [0m] Started User Manager for UID 1000.
[   36.584571] cloud-init[1475]: Cloud-init v. 0.7.9 running 'modules:final' at Sat, 25 Aug 2018 04:40:52 +0000. Up 35.77 seconds.
[   36.677255] cloud-init[1475]: Cloud-init v. 0.7.9 finished at Sat, 25 Aug 2018 04:40:52 +0000. Datasource DataSourceNoCloud [seed=/dev/sdb][dsmode=net].  Up 36.57 seconds
[[0;32m  OK  [0m] Started Session 2 of user ubuntu.
[[0;32m  OK  [0m] Started Execute cloud user/final scripts.
[[0;32m  OK  [0m] Reached target Cloud-init target.

Ubuntu 16.04.3 LTS node2 ttyS0

node2 login: [36212.681105] e1000 0000:00:03.0 enp0s3: Reset adapter
